app/build/intermediates/manifest_merge_blame_file/debug/manifest-merger-blame-debug-report.txt
1<?xml version="1.0" encoding="utf-8"?>
2<manifest xmlns:android="http://schemas.android.com/apk/res/android"
3    package="com.ravi.foodbook"
4    android:versionCode="1"
5    android:versionName="1.0" >
6
7    <uses-sdk
8        android:minSdkVersion="21"
8-->src\main\AndroidManifest.xml
9        android:targetSdkVersion="30" />
9-->src\main\AndroidManifest.xml
10
11    <uses-permission android:name="android.permission.INTERNET" />
11-->src\main\AndroidManifest.xml:6:5-67
11-->src\main\AndroidManifest.xml:6:22-64
12    <uses-permission android:name="android.permission.CAMERA" />
12-->src\main\AndroidManifest.xml:8:5-64
12-->src\main\AndroidManifest.xml:8:22-62
13
14    <!-- Although the *SdkVersion is captured in gradle build files, this is required for non gradle builds -->
15    <!-- <uses-sdk android:minSdkVersion="14"/> -->
16    <uses-permission android:name="android.permission.ACCESS_NETWORK_STATE" />
16-->[com.google.firebase:firebase-database:20.0.0] AndroidManifest.xml:25:5-79
16-->[com.google.firebase:firebase-database:20.0.0] AndroidManifest.xml:25:22-76
17    <uses-permission android:name="android.permission.WAKE_LOCK" /> <!-- Required by older versions of Google Play services to create IID tokens -->
17-->[com.google.firebase:firebase-messaging:22.0.0] AndroidManifest.xml:23:5-68
17-->[com.google.firebase:firebase-messaging:22.0.0] AndroidManifest.xml:23:22-65
18    <uses-permission android:name="com.google.android.c2dm.permission.RECEIVE" />
18-->[com.google.firebase:firebase-messaging:22.0.0] AndroidManifest.xml:25:5-82
18-->[com.google.firebase:firebase-messaging:22.0.0] AndroidManifest.xml:25:22-79
19
20    <queries>
20-->[androidx.camera:camera-extensions:1.0.0-alpha25] AndroidManifest.xml:24:5-28:15
21        <intent>
21-->[androidx.camera:camera-extensions:1.0.0-alpha25] AndroidManifest.xml:25:9-27:18
22            <action android:name="androidx.camera.extensions.action.VENDOR_ACTION" />
22-->[androidx.camera:camera-extensions:1.0.0-alpha25] AndroidManifest.xml:26:13-86
22-->[androidx.camera:camera-extensions:1.0.0-alpha25] AndroidManifest.xml:26:21-83
23        </intent>
24    </queries>
25
26    <application
26-->src\main\AndroidManifest.xml:11:5-29:19
27        android:allowBackup="true"
27-->src\main\AndroidManifest.xml:12:9-35
28        android:appComponentFactory="androidx.core.app.CoreComponentFactory"
28-->[androidx.core:core:1.3.2] AndroidManifest.xml:24:18-86
29        android:debuggable="true"
30        android:icon="@mipmap/ic_launcher"
30-->src\main\AndroidManifest.xml:13:9-43
31        android:label="@string/app_name"
31-->src\main\AndroidManifest.xml:14:9-41
32        android:roundIcon="@mipmap/ic_launcher_round"
32-->src\main\AndroidManifest.xml:15:9-54
33        android:supportsRtl="true"
33-->src\main\AndroidManifest.xml:16:9-35
34        android:testOnly="true"
35        android:theme="@style/Theme.FoodBook" >
35-->src\main\AndroidManifest.xml:17:9-46
36        <activity android:name="com.ravi.foodbook.ui.chat.ChatActivity" />
36-->src\main\AndroidManifest.xml:18:9-67
36-->src\main\AndroidManifest.xml:18:19-55
37        <activity android:name="com.ravi.foodbook.SignUpActivity" />
37-->src\main\AndroidManifest.xml:19:9-52
37-->src\main\AndroidManifest.xml:19:19-49
38        <activity android:name="com.ravi.foodbook.MainActivity" />
38-->src\main\AndroidManifest.xml:20:9-50
38-->src\main\AndroidManifest.xml:20:19-47
39        <activity android:name="com.ravi.foodbook.LoginActivity" >
39-->src\main\AndroidManifest.xml:21:9-27:20
39-->src\main\AndroidManifest.xml:21:19-48
40            <intent-filter>
40-->src\main\AndroidManifest.xml:22:13-26:29
41                <action android:name="android.intent.action.MAIN" />
41-->src\main\AndroidManifest.xml:23:17-69
41-->src\main\AndroidManifest.xml:23:25-66
42
43                <category android:name="android.intent.category.LAUNCHER" />
43-->src\main\AndroidManifest.xml:25:17-77
43-->src\main\AndroidManifest.xml:25:27-74
44            </intent-filter>
45        </activity>
46        <activity android:name="com.ravi.foodbook.BottomNavActivity" />
46-->src\main\AndroidManifest.xml:28:9-55
46-->src\main\AndroidManifest.xml:28:19-52
47
48        <service
48-->[com.google.firebase:firebase-database-ktx:20.0.0] AndroidManifest.xml:12:9-18:19
49            android:name="com.google.firebase.components.ComponentDiscoveryService"
49-->[com.google.firebase:firebase-database-ktx:20.0.0] AndroidManifest.xml:13:13-84
50            android:directBootAware="true"
50-->[com.google.firebase:firebase-common:20.0.0] AndroidManifest.xml:35:13-43
51            android:exported="false" >
51-->[com.google.firebase:firebase-database-ktx:20.0.0] AndroidManifest.xml:14:13-37
52            <meta-data
52-->[com.google.firebase:firebase-database-ktx:20.0.0] AndroidManifest.xml:15:13-17:85
53                android:name="com.google.firebase.components:com.google.firebase.database.ktx.FirebaseDatabaseKtxRegistrar"
53-->[com.google.firebase:firebase-database-ktx:20.0.0] AndroidManifest.xml:16:17-124
54                android:value="com.google.firebase.components.ComponentRegistrar" />
54-->[com.google.firebase:firebase-database-ktx:20.0.0] AndroidManifest.xml:17:17-82
55            <meta-data
55-->[com.google.firebase:firebase-database:20.0.0] AndroidManifest.xml:32:13-34:85
56                android:name="com.google.firebase.components:com.google.firebase.database.DatabaseRegistrar"
56-->[com.google.firebase:firebase-database:20.0.0] AndroidManifest.xml:33:17-109
57                android:value="com.google.firebase.components.ComponentRegistrar" />
57-->[com.google.firebase:firebase-database:20.0.0] AndroidManifest.xml:34:17-82
58            <meta-data
58-->[com.google.firebase:firebase-auth-ktx:21.0.1] AndroidManifest.xml:11:13-13:85
59                android:name="com.google.firebase.components:com.google.firebase.auth.ktx.FirebaseAuthKtxRegistrar"
59-->[com.google.firebase:firebase-auth-ktx:21.0.1] AndroidManifest.xml:12:17-116
60                android:value="com.google.firebase.components.ComponentRegistrar" />
60-->[com.google.firebase:firebase-auth-ktx:21.0.1] AndroidManifest.xml:13:17-82
61            <meta-data
61-->[com.google.firebase:firebase-auth:21.0.1] AndroidManifest.xml:77:13-79:85
62                android:name="com.google.firebase.components:com.google.firebase.auth.FirebaseAuthRegistrar"
62-->[com.google.firebase:firebase-auth:21.0.1] AndroidManifest.xml:78:17-109
63                android:value="com.google.firebase.components.ComponentRegistrar" />
63-->[com.google.firebase:firebase-auth:21.0.1] AndroidManifest.xml:79:17-82
64            <meta-data
64-->[com.google.firebase:firebase-messaging:22.0.0] AndroidManifest.xml:52:13-54:85
65                android:name="com.google.firebase.components:com.google.firebase.messaging.FirebaseMessagingRegistrar"
65-->[com.google.firebase:firebase-messaging:22.0.0] AndroidManifest.xml:53:17-119
66                android:value="com.google.firebase.components.ComponentRegistrar" />
66-->[com.google.firebase:firebase-messaging:22.0.0] AndroidManifest.xml:54:17-82
67            <meta-data
67-->[com.google.firebase:firebase-common-ktx:20.0.0] AndroidManifest.xml:15:13-17:85
68                android:name="com.google.firebase.components:com.google.firebase.ktx.FirebaseCommonKtxRegistrar"
68-->[com.google.firebase:firebase-common-ktx:20.0.0] AndroidManifest.xml:16:17-113
69                android:value="com.google.firebase.components.ComponentRegistrar" />
69-->[com.google.firebase:firebase-common-ktx:20.0.0] AndroidManifest.xml:17:17-82
70            <meta-data
70-->[com.google.firebase:firebase-datatransport:18.0.0] AndroidManifest.xml:28:13-30:85
71                android:name="com.google.firebase.components:com.google.firebase.datatransport.TransportRegistrar"
71-->[com.google.firebase:firebase-datatransport:18.0.0] AndroidManifest.xml:29:17-115
72                android:value="com.google.firebase.components.ComponentRegistrar" />
72-->[com.google.firebase:firebase-datatransport:18.0.0] AndroidManifest.xml:30:17-82
73            <meta-data
73-->[com.google.firebase:firebase-installations:17.0.0] AndroidManifest.xml:18:13-20:85
74                android:name="com.google.firebase.components:com.google.firebase.installations.FirebaseInstallationsRegistrar"
74-->[com.google.firebase:firebase-installations:17.0.0] AndroidManifest.xml:19:17-127
75                android:value="com.google.firebase.components.ComponentRegistrar" />
75-->[com.google.firebase:firebase-installations:17.0.0] AndroidManifest.xml:20:17-82
76        </service>
77
78        <activity
78-->[com.google.android.gms:play-services-auth:19.0.0] AndroidManifest.xml:23:9-27:75
79            android:name="com.google.android.gms.auth.api.signin.internal.SignInHubActivity"
79-->[com.google.android.gms:play-services-auth:19.0.0] AndroidManifest.xml:24:13-93
80            android:excludeFromRecents="true"
80-->[com.google.android.gms:play-services-auth:19.0.0] AndroidManifest.xml:25:13-46
81            android:exported="false"
81-->[com.google.android.gms:play-services-auth:19.0.0] AndroidManifest.xml:26:13-37
82            android:theme="@android:style/Theme.Translucent.NoTitleBar" />
82-->[com.google.android.gms:play-services-auth:19.0.0] AndroidManifest.xml:27:13-72
83        <!--
84            Service handling Google Sign-In user revocation. For apps that do not integrate with
85            Google Sign-In, this service will never be started.
86        -->
87        <service
87-->[com.google.android.gms:play-services-auth:19.0.0] AndroidManifest.xml:33:9-37:51
88            android:name="com.google.android.gms.auth.api.signin.RevocationBoundService"
88-->[com.google.android.gms:play-services-auth:19.0.0] AndroidManifest.xml:34:13-89
89            android:exported="true"
89-->[com.google.android.gms:play-services-auth:19.0.0] AndroidManifest.xml:35:13-36
90            android:permission="com.google.android.gms.auth.api.signin.permission.REVOCATION_NOTIFICATION"
90-->[com.google.android.gms:play-services-auth:19.0.0] AndroidManifest.xml:36:13-107
91            android:visibleToInstantApps="true" />
91-->[com.google.android.gms:play-services-auth:19.0.0] AndroidManifest.xml:37:13-48
92
93        <activity
93-->[com.google.firebase:firebase-auth:21.0.1] AndroidManifest.xml:27:9-44:20
94            android:name="com.google.firebase.auth.internal.GenericIdpActivity"
94-->[com.google.firebase:firebase-auth:21.0.1] AndroidManifest.xml:28:13-80
95            android:excludeFromRecents="true"
95-->[com.google.firebase:firebase-auth:21.0.1] AndroidManifest.xml:29:13-46
96            android:exported="true"
96-->[com.google.firebase:firebase-auth:21.0.1] AndroidManifest.xml:30:13-36
97            android:launchMode="singleTask"
97-->[com.google.firebase:firebase-auth:21.0.1] AndroidManifest.xml:31:13-44
98            android:theme="@android:style/Theme.Translucent.NoTitleBar" >
98-->[com.google.firebase:firebase-auth:21.0.1] AndroidManifest.xml:32:13-72
99            <intent-filter>
99-->[com.google.firebase:firebase-auth:21.0.1] AndroidManifest.xml:33:13-43:29
100                <action android:name="android.intent.action.VIEW" />
100-->[com.google.firebase:firebase-auth:21.0.1] AndroidManifest.xml:34:17-69
100-->[com.google.firebase:firebase-auth:21.0.1] AndroidManifest.xml:34:25-66
101
102                <category android:name="android.intent.category.DEFAULT" />
102-->[com.google.firebase:firebase-auth:21.0.1] AndroidManifest.xml:36:17-76
102-->[com.google.firebase:firebase-auth:21.0.1] AndroidManifest.xml:36:27-73
103                <category android:name="android.intent.category.BROWSABLE" />
103-->[com.google.firebase:firebase-auth:21.0.1] AndroidManifest.xml:37:17-78
103-->[com.google.firebase:firebase-auth:21.0.1] AndroidManifest.xml:37:27-75
104
105                <data
105-->[com.google.firebase:firebase-auth:21.0.1] AndroidManifest.xml:39:17-42:51
106                    android:host="firebase.auth"
106-->[com.google.firebase:firebase-auth:21.0.1] AndroidManifest.xml:40:21-49
107                    android:path="/"
107-->[com.google.firebase:firebase-auth:21.0.1] AndroidManifest.xml:41:21-37
108                    android:scheme="genericidp" />
108-->[com.google.firebase:firebase-auth:21.0.1] AndroidManifest.xml:42:21-48
109            </intent-filter>
110        </activity>
111        <activity
111-->[com.google.firebase:firebase-auth:21.0.1] AndroidManifest.xml:45:9-62:20
112            android:name="com.google.firebase.auth.internal.RecaptchaActivity"
112-->[com.google.firebase:firebase-auth:21.0.1] AndroidManifest.xml:46:13-79
113            android:excludeFromRecents="true"
113-->[com.google.firebase:firebase-auth:21.0.1] AndroidManifest.xml:47:13-46
114            android:exported="true"
114-->[com.google.firebase:firebase-auth:21.0.1] AndroidManifest.xml:48:13-36
115            android:launchMode="singleTask"
115-->[com.google.firebase:firebase-auth:21.0.1] AndroidManifest.xml:49:13-44
116            android:theme="@android:style/Theme.Translucent.NoTitleBar" >
116-->[com.google.firebase:firebase-auth:21.0.1] AndroidManifest.xml:50:13-72
117            <intent-filter>
117-->[com.google.firebase:firebase-auth:21.0.1] AndroidManifest.xml:51:13-61:29
118                <action android:name="android.intent.action.VIEW" />
118-->[com.google.firebase:firebase-auth:21.0.1] AndroidManifest.xml:34:17-69
118-->[com.google.firebase:firebase-auth:21.0.1] AndroidManifest.xml:34:25-66
119
120                <category android:name="android.intent.category.DEFAULT" />
120-->[com.google.firebase:firebase-auth:21.0.1] AndroidManifest.xml:36:17-76
120-->[com.google.firebase:firebase-auth:21.0.1] AndroidManifest.xml:36:27-73
121                <category android:name="android.intent.category.BROWSABLE" />
121-->[com.google.firebase:firebase-auth:21.0.1] AndroidManifest.xml:37:17-78
121-->[com.google.firebase:firebase-auth:21.0.1] AndroidManifest.xml:37:27-75
122
123                <data
123-->[com.google.firebase:firebase-auth:21.0.1] AndroidManifest.xml:39:17-42:51
124                    android:host="firebase.auth"
124-->[com.google.firebase:firebase-auth:21.0.1] AndroidManifest.xml:40:21-49
125                    android:path="/"
125-->[com.google.firebase:firebase-auth:21.0.1] AndroidManifest.xml:41:21-37
126                    android:scheme="recaptcha" />
126-->[com.google.firebase:firebase-auth:21.0.1] AndroidManifest.xml:42:21-48
127            </intent-filter>
128        </activity>
129
130        <service
130-->[com.google.firebase:firebase-auth:21.0.1] AndroidManifest.xml:64:9-73:19
131            android:name="com.google.firebase.auth.api.fallback.service.FirebaseAuthFallbackService"
131-->[com.google.firebase:firebase-auth:21.0.1] AndroidManifest.xml:65:13-101
132            android:enabled="true"
132-->[com.google.firebase:firebase-auth:21.0.1] AndroidManifest.xml:66:13-35
133            android:exported="false" >
133-->[com.google.firebase:firebase-auth:21.0.1] AndroidManifest.xml:67:13-37
134            <intent-filter>
134-->[com.google.firebase:firebase-auth:21.0.1] AndroidManifest.xml:68:13-72:29
135                <action android:name="com.google.firebase.auth.api.gms.service.START" />
135-->[com.google.firebase:firebase-auth:21.0.1] AndroidManifest.xml:69:17-89
135-->[com.google.firebase:firebase-auth:21.0.1] AndroidManifest.xml:69:25-86
136
137                <category android:name="android.intent.category.DEFAULT" />
137-->[com.google.firebase:firebase-auth:21.0.1] AndroidManifest.xml:36:17-76
137-->[com.google.firebase:firebase-auth:21.0.1] AndroidManifest.xml:36:27-73
138            </intent-filter>
139        </service>
140
141        <receiver
141-->[com.google.firebase:firebase-messaging:22.0.0] AndroidManifest.xml:28:9-35:20
142            android:name="com.google.firebase.iid.FirebaseInstanceIdReceiver"
142-->[com.google.firebase:firebase-messaging:22.0.0] AndroidManifest.xml:29:13-78
143            android:exported="true"
143-->[com.google.firebase:firebase-messaging:22.0.0] AndroidManifest.xml:30:13-36
144            android:permission="com.google.android.c2dm.permission.SEND" >
144-->[com.google.firebase:firebase-messaging:22.0.0] AndroidManifest.xml:31:13-73
145            <intent-filter>
145-->[com.google.firebase:firebase-messaging:22.0.0] AndroidManifest.xml:32:13-34:29
146                <action android:name="com.google.android.c2dm.intent.RECEIVE" />
146-->[com.google.firebase:firebase-messaging:22.0.0] AndroidManifest.xml:33:17-81
146-->[com.google.firebase:firebase-messaging:22.0.0] AndroidManifest.xml:33:25-78
147            </intent-filter>
148        </receiver>
149        <!--
150             FirebaseMessagingService performs security checks at runtime,
151             but set to not exported to explicitly avoid allowing another app to call it.
152        -->
153        <service
153-->[com.google.firebase:firebase-messaging:22.0.0] AndroidManifest.xml:41:9-48:19
154            android:name="com.google.firebase.messaging.FirebaseMessagingService"
154-->[com.google.firebase:firebase-messaging:22.0.0] AndroidManifest.xml:42:13-82
155            android:directBootAware="true"
155-->[com.google.firebase:firebase-messaging:22.0.0] AndroidManifest.xml:43:13-43
156            android:exported="false" >
156-->[com.google.firebase:firebase-messaging:22.0.0] AndroidManifest.xml:44:13-37
157            <intent-filter android:priority="-500" >
157-->[com.google.firebase:firebase-messaging:22.0.0] AndroidManifest.xml:45:13-47:29
157-->[com.google.firebase:firebase-messaging:22.0.0] AndroidManifest.xml:45:28-51
158                <action android:name="com.google.firebase.MESSAGING_EVENT" />
158-->[com.google.firebase:firebase-messaging:22.0.0] AndroidManifest.xml:46:17-78
158-->[com.google.firebase:firebase-messaging:22.0.0] AndroidManifest.xml:46:25-75
159            </intent-filter>
160        </service>
161
162        <activity
162-->[com.google.android.gms:play-services-base:17.1.0] AndroidManifest.xml:23:9-26:75
163            android:name="com.google.android.gms.common.api.GoogleApiActivity"
163-->[com.google.android.gms:play-services-base:17.1.0] AndroidManifest.xml:24:13-79
164            android:exported="false"
164-->[com.google.android.gms:play-services-base:17.1.0] AndroidManifest.xml:25:13-37
165            android:theme="@android:style/Theme.Translucent.NoTitleBar" />
165-->[com.google.android.gms:play-services-base:17.1.0] AndroidManifest.xml:26:13-72
166
167        <provider
167-->[com.google.firebase:firebase-common:20.0.0] AndroidManifest.xml:26:9-31:39
168            android:name="com.google.firebase.provider.FirebaseInitProvider"
168-->[com.google.firebase:firebase-common:20.0.0] AndroidManifest.xml:27:13-77
169            android:authorities="com.ravi.foodbook.firebaseinitprovider"
169-->[com.google.firebase:firebase-common:20.0.0] AndroidManifest.xml:28:13-72
170            android:directBootAware="true"
170-->[com.google.firebase:firebase-common:20.0.0] AndroidManifest.xml:29:13-43
171            android:exported="false"
171-->[com.google.firebase:firebase-common:20.0.0] AndroidManifest.xml:30:13-37
172            android:initOrder="100" />
172-->[com.google.firebase:firebase-common:20.0.0] AndroidManifest.xml:31:13-36
173
174        <meta-data
174-->[com.google.android.gms:play-services-basement:17.1.1] AndroidManifest.xml:23:9-25:69
175            android:name="com.google.android.gms.version"
175-->[com.google.android.gms:play-services-basement:17.1.1] AndroidManifest.xml:24:13-58
176            android:value="@integer/google_play_services_version" />
176-->[com.google.android.gms:play-services-basement:17.1.1] AndroidManifest.xml:25:13-66
177
178        <service
178-->[androidx.room:room-runtime:2.1.0] AndroidManifest.xml:25:9-27:40
179            android:name="androidx.room.MultiInstanceInvalidationService"
179-->[androidx.room:room-runtime:2.1.0] AndroidManifest.xml:26:13-74
180            android:exported="false" />
180-->[androidx.room:room-runtime:2.1.0] AndroidManifest.xml:27:13-37
181
182        <uses-library
182-->[androidx.camera:camera-extensions:1.0.0-alpha25] AndroidManifest.xml:31:9-33:40
183            android:name="androidx.camera.extensions.impl"
183-->[androidx.camera:camera-extensions:1.0.0-alpha25] AndroidManifest.xml:32:13-59
184            android:required="false" />
184-->[androidx.camera:camera-extensions:1.0.0-alpha25] AndroidManifest.xml:33:13-37
185
186        <service
186-->[com.google.android.datatransport:transport-backend-cct:3.0.0] AndroidManifest.xml:29:9-35:19
187            android:name="com.google.android.datatransport.runtime.backends.TransportBackendDiscovery"
187-->[com.google.android.datatransport:transport-backend-cct:3.0.0] AndroidManifest.xml:30:13-103
188            android:exported="false" >
188-->[com.google.android.datatransport:transport-backend-cct:3.0.0] AndroidManifest.xml:31:13-37
189            <meta-data
189-->[com.google.android.datatransport:transport-backend-cct:3.0.0] AndroidManifest.xml:32:13-34:39
190                android:name="backend:com.google.android.datatransport.cct.CctBackendFactory"
190-->[com.google.android.datatransport:transport-backend-cct:3.0.0] AndroidManifest.xml:33:17-94
191                android:value="cct" />
191-->[com.google.android.datatransport:transport-backend-cct:3.0.0] AndroidManifest.xml:34:17-36
192        </service>
193        <service
193-->[com.google.android.datatransport:transport-runtime:3.0.0] AndroidManifest.xml:26:9-30:19
194            android:name="com.google.android.datatransport.runtime.scheduling.jobscheduling.JobInfoSchedulerService"
194-->[com.google.android.datatransport:transport-runtime:3.0.0] AndroidManifest.xml:27:13-117
195            android:exported="false"
195-->[com.google.android.datatransport:transport-runtime:3.0.0] AndroidManifest.xml:28:13-37
196            android:permission="android.permission.BIND_JOB_SERVICE" >
196-->[com.google.android.datatransport:transport-runtime:3.0.0] AndroidManifest.xml:29:13-69
197        </service>
198
199        <receiver
199-->[com.google.android.datatransport:transport-runtime:3.0.0] AndroidManifest.xml:32:9-34:40
200            android:name="com.google.android.datatransport.runtime.scheduling.jobscheduling.AlarmManagerSchedulerBroadcastReceiver"
200-->[com.google.android.datatransport:transport-runtime:3.0.0] AndroidManifest.xml:33:13-132
201            android:exported="false" />
201-->[com.google.android.datatransport:transport-runtime:3.0.0] AndroidManifest.xml:34:13-37
202
203        <provider
203-->[androidx.lifecycle:lifecycle-process:2.2.0-alpha01] AndroidManifest.xml:23:9-27:43
204            android:name="androidx.lifecycle.ProcessLifecycleOwnerInitializer"
204-->[androidx.lifecycle:lifecycle-process:2.2.0-alpha01] AndroidManifest.xml:24:13-79
205            android:authorities="com.ravi.foodbook.lifecycle-process"
205-->[androidx.lifecycle:lifecycle-process:2.2.0-alpha01] AndroidManifest.xml:25:13-69
206            android:exported="false"
206-->[androidx.lifecycle:lifecycle-process:2.2.0-alpha01] AndroidManifest.xml:26:13-37
207            android:multiprocess="true" />
207-->[androidx.lifecycle:lifecycle-process:2.2.0-alpha01] AndroidManifest.xml:27:13-40
208    </application>
209
210</manifest>